<?xml version="1.0" encoding="UTF-8"?>
<!-- Generated by org.testng.reporters.JUnitXMLReporter -->
<testsuite ignored="6" hostname="DESKTOP-N9IAUI1" failures="2" tests="5" name="Free CRM App Test Cases" time="127.387" errors="0" timestamp="27 Mar 2020 10:21:37 GMT">
  <testcase classname="com.FreeCRM.qa.testcases.HomePageTestCase" name="@AfterMethod tearDown" time="0.0">
    <failure type="java.lang.NullPointerException">
      <![CDATA[java.lang.NullPointerException
at com.FreeCRM.qa.testcases.HomePageTestCase.tearDown(HomePageTestCase.java:81)
... Removed 28 stack frames]]>
    </failure>
  </testcase> <!-- @AfterMethod tearDown -->
  <testcase classname="com.FreeCRM.qa.testcases.ContactsPageTest" name="@AfterMethod tearDown" time="0.0">
    <failure type="java.lang.NullPointerException">
      <![CDATA[java.lang.NullPointerException
at com.FreeCRM.qa.testcases.ContactsPageTest.tearDown(ContactsPageTest.java:77)
... Removed 28 stack frames]]>
    </failure>
  </testcase> <!-- @AfterMethod tearDown -->
  <testcase classname="com.FreeCRM.qa.testcases.TasksPageTestCase" name="@AfterMethod tearDown" time="0.0">
    <failure type="java.lang.NullPointerException">
      <![CDATA[java.lang.NullPointerException
at com.FreeCRM.qa.testcases.TasksPageTestCase.tearDown(TasksPageTestCase.java:88)
... Removed 28 stack frames]]>
    </failure>
  </testcase> <!-- @AfterMethod tearDown -->
  <testcase classname="com.FreeCRM.qa.testcases.LoginPageTestCase" name="LoginTitleTest" time="0.049"/>
  <testcase classname="com.FreeCRM.qa.testcases.HomePageTestCase" name="verifyHomePagetitleTest" time="2.005">
    <failure type="java.lang.NullPointerException">
      <![CDATA[java.lang.NullPointerException
at com.FreeCRM.qa.testcases.HomePageTestCase.verifyHomePagetitleTest(HomePageTestCase.java:45)
... Removed 25 stack frames]]>
    </failure>
  </testcase> <!-- verifyHomePagetitleTest -->
  <testcase classname="com.FreeCRM.qa.testcases.ContactsPageTest" name="verifyContactLabelTest" time="2.001">
    <failure type="java.lang.NullPointerException">
      <![CDATA[java.lang.NullPointerException
at com.FreeCRM.qa.testcases.ContactsPageTest.verifyContactLabelTest(ContactsPageTest.java:45)
... Removed 25 stack frames]]>
    </failure>
  </testcase> <!-- verifyContactLabelTest -->
  <testcase classname="com.FreeCRM.qa.testcases.TasksPageTestCase" name="verifyTaskLabelTest" time="2.01"/>
  <testcase classname="com.FreeCRM.qa.testcases.LoginPageTestCase" name="crmLogoImageTest" time="0.083"/>
  <testcase classname="com.FreeCRM.qa.base.TestBase" name="@BeforeTest setExtent" time="0.0">
    <ignored/>
  </testcase> <!-- @BeforeTest setExtent -->
  <testcase classname="com.FreeCRM.qa.base.TestBase" name="@BeforeTest setExtent" time="0.0">
    <ignored/>
  </testcase> <!-- @BeforeTest setExtent -->
  <testcase classname="com.FreeCRM.qa.base.TestBase" name="@BeforeTest setExtent" time="0.0">
    <ignored/>
  </testcase> <!-- @BeforeTest setExtent -->
  <testcase classname="com.FreeCRM.qa.base.TestBase" name="@AfterTest setEndReport" time="0.0">
    <ignored/>
  </testcase> <!-- @AfterTest setEndReport -->
  <testcase classname="com.FreeCRM.qa.base.TestBase" name="@AfterTest setEndReport" time="0.0">
    <ignored/>
  </testcase> <!-- @AfterTest setEndReport -->
  <testcase classname="com.FreeCRM.qa.base.TestBase" name="@AfterTest setEndReport" time="0.0">
    <ignored/>
  </testcase> <!-- @AfterTest setEndReport -->
</testsuite> <!-- Free CRM App Test Cases -->
